0 info it worked if it ends with ok
1 verbose cli [ '/usr/local/bin/node', '/usr/local/bin/npm', 'run', 'lint' ]
2 info using npm@4.1.2
3 info using node@v7.7.3
4 verbose run-script [ 'prelint', 'lint', 'postlint' ]
5 info lifecycle Redux-Immutable@1.0.0~prelint: Redux-Immutable@1.0.0
6 silly lifecycle Redux-Immutable@1.0.0~prelint: no script for prelint, continuing
7 info lifecycle Redux-Immutable@1.0.0~lint: Redux-Immutable@1.0.0
8 verbose lifecycle Redux-Immutable@1.0.0~lint: unsafe-perm in lifecycle true
9 verbose lifecycle Redux-Immutable@1.0.0~lint: PATH: /usr/local/lib/node_modules/npm/bin/node-gyp-bin:/Users/RyanBas/Documents/web_development/Redux-Immutable-Curriculum/duckr/node_modules/.bin:/Users/RyanBas/anaconda3/bin://anaconda/bin:/Users/RyanBas/anaconda/bin:/Library/Frameworks/Python.framework/Versions/3.5/bin:/usr/local/bin:/usr/bin:/bin:/usr/sbin:/sbin:/Users/RyanBas/anaconda3/bin://anaconda/bin:/Users/RyanBas/anaconda/bin:/Library/Frameworks/Python.framework/Versions/3.5/bin
10 verbose lifecycle Redux-Immutable@1.0.0~lint: CWD: /Users/RyanBas/Documents/web_development/Redux-Immutable-Curriculum/duckr
11 silly lifecycle Redux-Immutable@1.0.0~lint: Args: [ '-c',
11 silly lifecycle   'lint --cache --ignore-path .gitignore --ext .jsx,.js --format=node_modules/eslint-formatter-pretty .' ]
12 info lifecycle Redux-Immutable@1.0.0~lint: Failed to exec lint script
13 verbose stack Error: Redux-Immutable@1.0.0 lint: `lint --cache --ignore-path .gitignore --ext .jsx,.js --format=node_modules/eslint-formatter-pretty .`
13 verbose stack spawn ENOENT
13 verbose stack     at ChildProcess.<anonymous> (/usr/local/lib/node_modules/npm/lib/utils/spawn.js:33:16)
13 verbose stack     at emitTwo (events.js:106:13)
13 verbose stack     at ChildProcess.emit (events.js:194:7)
13 verbose stack     at maybeClose (internal/child_process.js:899:16)
13 verbose stack     at Process.ChildProcess._handle.onexit (internal/child_process.js:226:5)
14 verbose pkgid Redux-Immutable@1.0.0
15 verbose cwd /Users/RyanBas/Documents/web_development/Redux-Immutable-Curriculum/duckr
16 error Darwin 16.4.0
17 error argv "/usr/local/bin/node" "/usr/local/bin/npm" "run" "lint"
18 error node v7.7.3
19 error npm  v4.1.2
20 error file sh
21 error code ELIFECYCLE
22 error errno ENOENT
23 error syscall spawn
24 error Redux-Immutable@1.0.0 lint: `lint --cache --ignore-path .gitignore --ext .jsx,.js --format=node_modules/eslint-formatter-pretty .`
24 error spawn ENOENT
25 error Failed at the Redux-Immutable@1.0.0 lint script 'lint --cache --ignore-path .gitignore --ext .jsx,.js --format=node_modules/eslint-formatter-pretty .'.
25 error Make sure you have the latest version of node.js and npm installed.
25 error If you do, this is most likely a problem with the Redux-Immutable package,
25 error not with npm itself.
25 error Tell the author that this fails on your system:
25 error     lint --cache --ignore-path .gitignore --ext .jsx,.js --format=node_modules/eslint-formatter-pretty .
25 error You can get information on how to open an issue for this project with:
25 error     npm bugs Redux-Immutable
25 error Or if that isn't available, you can get their info via:
25 error     npm owner ls Redux-Immutable
25 error There is likely additional logging output above.
26 verbose exit [ 1, true ]
